<?xml version="1.0" encoding="UTF-8"?>
<testsuite name="org.imie.test.TestLoadTennis" tests="10" skipped="0" failures="0" errors="0" timestamp="2016-04-14T14:24:40" hostname="imie-VirtualBox" time="0.11">
  <properties/>
  <testcase name="testUnitaireReset" classname="org.imie.test.TestLoadTennis" time="0.002"/>
  <testcase name="testIntegrationReset" classname="org.imie.test.TestLoadTennis" time="0.008"/>
  <testcase name="testUnitaireSaveBis" classname="org.imie.test.TestLoadTennis" time="0.0"/>
  <testcase name="testUnitaireSave" classname="org.imie.test.TestLoadTennis" time="0.002"/>
  <testcase name="testIntegrationSave" classname="org.imie.test.TestLoadTennis" time="0.001"/>
  <testcase name="testUnitaireReset" classname="org.imie.test.TestLoadTennis" time="0.001"/>
  <testcase name="testIntegrationReset" classname="org.imie.test.TestLoadTennis" time="0.009"/>
  <testcase name="testUnitaireSaveBis" classname="org.imie.test.TestLoadTennis" time="0.001"/>
  <testcase name="testUnitaireSave" classname="org.imie.test.TestLoadTennis" time="0.003"/>
  <testcase name="testIntegrationSave" classname="org.imie.test.TestLoadTennis" time="0.002"/>
  <system-out><![CDATA[]]></system-out>
  <system-err><![CDATA[]]></system-err>
</testsuite>
